0 info it worked if it ends with ok
1 verbose cli [ '/usr/local/Cellar/node/6.3.1/bin/node',
1 verbose cli   '/usr/local/bin/npm',
1 verbose cli   'start' ]
2 info using npm@3.10.3
3 info using node@v6.3.1
4 verbose config Skipping project config: /Users/ireaderinokun/.npmrc. (matches userconfig)
5 verbose stack Error: ENOENT: no such file or directory, open '/Users/ireaderinokun/package.json'
5 verbose stack     at Error (native)
6 verbose cwd /Users/ireaderinokun/Desktop/staging.ireaderinokun.com
7 error Darwin 16.0.0
8 error argv "/usr/local/Cellar/node/6.3.1/bin/node" "/usr/local/bin/npm" "start"
9 error node v6.3.1
10 error npm  v3.10.3
11 error path /Users/ireaderinokun/package.json
12 error code ENOENT
13 error errno -2
14 error syscall open
15 error enoent ENOENT: no such file or directory, open '/Users/ireaderinokun/package.json'
16 error enoent ENOENT: no such file or directory, open '/Users/ireaderinokun/package.json'
16 error enoent This is most likely not a problem with npm itself
16 error enoent and is related to npm not being able to find a file.
17 verbose exit [ -2, true ]
